<?xml version="1.0" encoding="UTF-8"?>
<!-- Generated by org.testng.reporters.JUnitReportReporter -->
<testsuite hostname="DESKTOP-5879NR8" failures="0" tests="2" name="testNg.FirstClass" time="23.175" errors="0" timestamp="18 May 2020 09:18:08 GMT" skipped="0">
  <testcase classname="testNg.FirstClass" name="testcase1" time="14.002"/>
  <testcase classname="testNg.FirstClass" name="testcase2" time="9.173"/>
</testsuite> <!-- testNg.FirstClass -->
